New account created for user: on 2025-04-21 13:17:04.785	468+00:00
User enterered wrong username:123 and password:123
User enterered wrong username:vijay and password:@@123456
User enterered wrong username:divyansh and password:divyash
New account created for user:admin on 2025-04-21 13:29:41.311461+00:00
New account created for user: on 2025-04-21 13:30:43.423125+00:00
New account created for user:priya on 2025-04-21 13:32:04.831491+00:00
User enterered wrong username:priya@gmail.com and password:Vijay@Nkumar
WARNING 218 2025-04-22 13:25:10,493 views.py User enterered wrong username:vijay and password:vijay
WARNING 218 2025-04-22 13:32:10,503 views.py User enterered wrong username:ad and password:ad
WARNING 218 2025-04-22 13:36:01,076 views.py User enterered wrong username:ad and password:ad
WARNING 218 2025-04-22 13:38:41,972 views.py User enterered wrong username:d and password:dd
WARNING 218 2025-04-22 13:39:05,924 views.py User enterered wrong username:d and password:dd
WARNING 218 2025-04-22 13:39:09,635 views.py User enterered wrong username:ss and password:ss
WARNING 218 2025-04-22 13:39:47,517 views.py User enterered wrong username:ss and password:ss
WARNING 218 2025-04-22 13:39:51,116 views.py User enterered wrong username:sss and password:ss
WARNING 218 2025-04-22 13:40:58,377 views.py User enterered wrong username:sss and password:ss
WARNING 218 2025-04-22 13:41:02,717 views.py User enterered wrong username:ss and password:ss
WARNING 218 2025-04-22 13:41:27,054 views.py User enterered wrong username:ss and password:ss
WARNING 218 2025-04-22 13:41:29,687 views.py User enterered wrong username:ss and password:ss
WARNING 218 2025-04-22 13:43:04,900 views.py User enterered wrong username:ss and password:ss
WARNING 218 2025-04-22 13:43:07,595 views.py User enterered wrong username:aa and password:aa
WARNING 218 2025-04-22 13:43:35,762 views.py User enterered wrong username:aaaa and password:aaaaa
WARNING 218 2025-04-22 13:43:56,742 views.py User enterered wrong username:aaaa and password:aaaaa
WARNING 218 2025-04-22 13:43:59,360 views.py User enterered wrong username:aa and password:aaa
WARNING 218 2025-04-22 19:27:17,793 views.py User enterered wrong username:kuldeep@gmail.com and password:kuldeep123
WARNING 218 2025-04-22 19:27:34,702 views.py User enterered wrong username:kuldeep@gmail.com and password:kuldeep123
WARNING 218 2025-04-22 19:28:20,329 views.py User enterered wrong username:7225928176 and password:@@123456
WARNING 218 2025-04-22 19:28:36,393 views.py User enterered wrong username:divyanshyadav@gmail.com and password:@@123456
WARNING 218 2025-04-22 19:54:05,111 views.py User enterered wrong username:vijay and password:vijay
WARNING 218 2025-04-22 19:54:51,724 views.py User enterered wrong username:vijay and password:vijay
WARNING 218 2025-04-22 19:54:56,370 views.py User enterered wrong username:vijay and password:vijay
WARNING 218 2025-04-22 19:55:27,986 views.py User enterered wrong username:vijay and password:vijay
WARNING 218 2025-04-22 19:56:11,902 views.py User enterered wrong username:vijay and password:vijay
WARNING 218 2025-04-22 19:56:48,362 views.py User enterered wrong username:vijay and password:vijay
WARNING 218 "2025-04-25 12:33:29,763" views.py User enterered wrong username:eee and password:eeee
WARNING 218 "2025-04-25 12:34:06,950" views.py User enterered wrong username:sss and password:sss
WARNING 218 "2025-04-25 12:35:24,413" views.py User enterered wrong username:vijay and password:vijay
WARNING 218 "2025-04-25 12:38:02,411" views.py User enterered wrong username:vijay and password:vijay
WARNING 218 "2025-04-25 12:39:44,178" views.py User enterered wrong username:vijay and password:vijay
WARNING 218 "2025-04-25 12:40:43,283" views.py User enterered wrong username:vijay and password:vijay
WARNING 218 "2025-04-25 12:40:45,516" views.py User enterered wrong username:aa and password:aa
WARNING 217 "2025-04-25 12:41:55,828" views.py User enterered wrong username:sssss and password:ssss
WARNING 217 "2025-04-25 12:47:26,642" views.py User enterered wrong username:vijay and password:vijay
WARNING 217 "2025-04-25 12:48:40,995" views.py User enterered wrong username:vijay and password:vijay
WARNING 217 "2025-04-25 12:51:38,936" views.py User enterered wrong username:aa and password:aa
WARNING 217 "2025-04-25 12:54:03,894" views.py User enterered wrong username:vijay and password:vijay
WARNING 217 "2025-04-25 12:55:27,559" views.py User enterered wrong username:vijay and password:vijay
WARNING 217 "2025-04-25 12:59:58,056" views.py User enterered wrong username:vijay and password:vijay
WARNING 217 "2025-04-25 13:08:59,036" views.py User enterered wrong username:vijay and password:vijay
WARNING 217 "2025-04-25 13:10:55,299" views.py User enterered wrong username:jay@gmail.com and password:@123456
WARNING 217 "2025-04-25 13:17:12,809" views.py User enterered wrong username:jay and password:jay
WARNING 217 "2025-04-25 13:18:43,954" views.py User enterered wrong username:JAY and password:JAY
WARNING 217 "2025-04-25 14:00:40,047" views.py User enterered wrong username:vijay and password:vijay
WARNING 217 "2025-04-25 15:04:53,649" views.py User enterered wrong username:vijay and password:vijay
INFO 132 "2025-04-30 12:34:33,678" views.py New account created for user:vivek on 2025-04-30 07:04:33.678652+00:00
WARNING 220 "2025-04-30 12:34:42,591" views.py User enterered wrong username:vivek@gmail.com and password:@@12346
WARNING 220 "2025-04-30 15:37:08,072" views.py User enterered wrong username:vivek@gmail.com and password:@@12346
WARNING 220 "2025-04-30 17:34:51,936" views.py User enterered wrong username:shah@gmail.com and password:@@123456
WARNING 220 "2025-04-30 17:36:48,109" views.py User enterered wrong username:shah@gmail.com and password:@@123456
WARNING 220 "2025-04-30 17:37:10,705" views.py User enterered wrong username:shah@gmail.com and password:@@123456
WARNING 220 "2025-04-30 17:39:27,915" views.py User enterered wrong username:shah@gmail.com and password:@@123456
WARNING 220 "2025-04-30 17:39:43,954" views.py User enterered wrong username:shah@gmail.com and password:@@123456
WARNING 220 "2025-04-30 17:50:09,880" views.py User enterered wrong username:shah@gmail.com and password:@@123456
WARNING 220 "2025-04-30 17:50:57,729" views.py User enterered wrong username:shah@gmail.com and password:@@123456
WARNING 220 "2025-04-30 17:51:13,536" views.py User enterered wrong username:shah@gmail.com and password:@@123456
WARNING 220 "2025-04-30 17:53:42,273" views.py User enterered wrong username:shah@gmail.com and password:@@123456
INFO 133 "2025-04-30 19:17:38,843" views.py New account created for user:testusername on 2025-04-30 13:47:38.843682+00:00
INFO 133 "2025-04-30 19:44:29,267" views.py New account created for user:testusername on 2025-04-30 14:14:29.267054+00:00
INFO 133 "2025-04-30 19:45:16,240" views.py New account created for user:testusername on 2025-04-30 14:15:16.240761+00:00
INFO 133 "2025-04-30 19:46:37,065" views.py New account created for user:testusername on 2025-04-30 14:16:37.064982+00:00
INFO 133 "2025-04-30 19:47:13,473" views.py New account created for user:testusername on 2025-04-30 14:17:13.473367+00:00
INFO 133 "2025-04-30 19:47:37,252" views.py New account created for user:testusername on 2025-04-30 14:17:37.252612+00:00
INFO 133 "2025-04-30 19:49:34,508" views.py New account created for user:testusername on 2025-04-30 14:19:34.508655+00:00
INFO 133 "2025-04-30 19:50:50,607" views.py New account created for user:testusername on 2025-04-30 14:20:50.607333+00:00
WARNING 222 "2025-05-01 10:41:02,634" views.py User enterered wrong username:shah@gmail.com and password:@@123456
INFO 133 "2025-05-01 10:41:07,860" views.py New account created for user:testusername on 2025-05-01 05:11:07.860646+00:00
INFO 133 "2025-05-01 12:30:53,455" views.py New account created for user:abhishek on 2025-05-01 07:00:53.455362+00:00
WARNING 222 "2025-05-01 12:37:28,527" views.py User enterered wrong username:abhishek and password:@@123456
WARNING 222 "2025-05-01 12:52:11,009" views.py User enterered wrong username:1234567890 and password:@@123456
WARNING 222 "2025-05-01 12:52:31,248" views.py User enterered wrong username:jay and password:@@123456
WARNING 222 "2025-05-01 12:52:37,790" views.py User enterered wrong username:jay and password:@@123456
WARNING 222 "2025-05-01 12:53:59,049" views.py User enterered wrong username:abhishek and password:@@123456
WARNING 222 "2025-05-01 12:55:45,527" views.py User enterered wrong username:1234567890 and password:@@123456
WARNING 223 "2025-05-01 13:02:39,502" views.py User enterered wrong username:shah@gmail.com and password:@@123456
INFO 134 "2025-05-01 13:02:40,128" views.py New account created for user:testusername on 2025-05-01 07:32:40.128892+00:00
WARNING 223 "2025-05-01 13:03:51,291" views.py User enterered wrong username:shah@gmail.com and password:@@123456
INFO 134 "2025-05-01 13:03:51,913" views.py New account created for user:testusername on 2025-05-01 07:33:51.913537+00:00
WARNING 223 "2025-05-01 13:05:04,812" views.py User enterered wrong username:shah@gmail.com and password:@@123456
INFO 134 "2025-05-01 13:05:05,448" views.py New account created for user:testusername on 2025-05-01 07:35:05.448448+00:00
WARNING 223 "2025-05-01 13:07:32,998" views.py User enterered wrong username:shah@gmail.com and password:@@123456
INFO 134 "2025-05-01 13:07:33,979" views.py New account created for user:testusername on 2025-05-01 07:37:33.979367+00:00
INFO 134 "2025-05-01 13:14:51,989" views.py New account created for user:testusername on 2025-05-01 07:44:51.989858+00:00
WARNING 223 "2025-05-01 13:16:42,777" views.py User enterered wrong username:shah@gmail.com and password:@@123456
WARNING 223 "2025-05-01 13:28:27,458" views.py User enterered wrong username:shah@gmail.com and password:@@123456
WARNING 223 "2025-05-01 13:28:45,209" views.py User enterered wrong username:shah@gmail.com and password:@@123456
WARNING 223 "2025-05-01 13:29:12,689" views.py User enterered wrong username:shah@gmail.com and password:@@123456
WARNING 223 "2025-05-01 13:29:12,708" views.py User enterered wrong username:shah@gmail.com and password:@@123456
WARNING 223 "2025-05-01 13:29:46,335" views.py User enterered wrong username:shah@gmail.com and password:@@123456
WARNING 223 "2025-05-01 13:30:45,880" views.py User enterered wrong username:shah@gmail.com and password:@@123456
WARNING 223 "2025-05-01 13:31:18,806" views.py User enterered wrong username:shah@gmail.com and password:@@123456
WARNING 223 "2025-05-01 13:31:18,827" views.py User enterered wrong username:shah@gmail.com and password:@@123456
WARNING 223 "2025-05-01 13:31:46,584" views.py User enterered wrong username:shah@gmail.com and password:@@123456
WARNING 223 "2025-05-01 13:32:29,821" views.py User enterered wrong username:shah@gmail.com and password:@@123456
WARNING 223 "2025-05-01 13:33:10,118" views.py User enterered wrong username:shah@gmail.com and password:@@123456
WARNING 223 "2025-05-01 13:36:27,579" views.py User enterered wrong username:shah@gmail.com and password:@@123456
WARNING 223 "2025-05-01 13:36:56,525" views.py User enterered wrong username:shah@gmail.com and password:@@123456
WARNING 223 "2025-05-01 13:38:30,103" views.py User enterered wrong username:shah@gmail.com and password:@@123456
WARNING 223 "2025-05-01 13:38:53,450" views.py User enterered wrong username:shah@gmail.com and password:@@123456
WARNING 224 "2025-05-01 13:59:04,974" views.py User enterered wrong username:shah@gmail.com and password:@@123456
WARNING 224 "2025-05-01 14:06:59,398" views.py User enterered wrong username:shah@gmail.com and password:@@123456
WARNING 224 "2025-05-01 14:07:35,681" views.py User enterered wrong username:shah@gmail.com and password:@@123456
WARNING 224 "2025-05-01 14:07:59,326" views.py User enterered wrong username:shah@gmail.com and password:@@123456
WARNING 224 "2025-05-01 14:09:58,680" views.py User enterered wrong username:shah@gmail.com and password:@@123456
WARNING 224 "2025-05-01 14:10:39,920" views.py User enterered wrong username:shah@gmail.com and password:@@123456
WARNING 224 "2025-05-01 14:12:35,244" views.py User enterered wrong username:shah@gmail.com and password:@@123456
WARNING 224 "2025-05-01 14:13:37,471" views.py User enterered wrong username:shah@gmail.com and password:@@123456
WARNING 224 "2025-05-01 14:16:34,048" views.py User enterered wrong username:shah@gmail.com and password:@@123456
WARNING 224 "2025-05-01 14:16:52,568" views.py User enterered wrong username:shah@gmail.com and password:@@123456
WARNING 224 "2025-05-01 14:19:09,735" views.py User enterered wrong username:shah@gmail.com and password:@@123456
WARNING 224 "2025-05-01 14:22:07,194" views.py User enterered wrong username:shah@gmail.com and password:@@123456
WARNING 224 "2025-05-01 14:23:09,055" views.py User enterered wrong username:shah@gmail.com and password:@@123456
WARNING 224 "2025-05-01 14:26:26,679" views.py User enterered wrong username:shah@gmail.com and password:@@123456
WARNING 224 "2025-05-01 14:26:47,704" views.py User enterered wrong username:shah@gmail.com and password:@@123456
WARNING 225 "2025-05-01 14:28:52,088" views.py User enterered wrong username:shah@gmail.com and password:@@123456
WARNING 225 "2025-05-01 14:31:05,443" views.py User enterered wrong username:shah@gmail.com and password:@@123456
WARNING 225 "2025-05-01 14:31:43,213" views.py User enterered wrong username:shah@gmail.com and password:@@123456
WARNING 225 "2025-05-01 14:32:07,085" views.py User enterered wrong username:shah@gmail.com and password:@@123456
WARNING 225 "2025-05-01 15:11:27,291" views.py User enterered wrong username:shah@gmail.com and password:@@123456
INFO 134 "2025-05-01 15:11:31,848" views.py New account created for user:testusername on 2025-05-01 09:41:31.848097+00:00
WARNING 225 "2025-05-01 15:22:34,013" views.py User enterered wrong username:shah@gmail.com and password:@@123456
WARNING 225 "2025-05-01 15:26:31,675" views.py User enterered wrong username:shah@gmail.com and password:@@123456
WARNING 225 "2025-05-01 15:26:31,723" views.py User enterered wrong username:shah@gmail.com and password:@@123456
WARNING 225 "2025-05-01 15:28:43,104" views.py User enterered wrong username:shah@gmail.com and password:@@123456
WARNING 225 "2025-05-01 15:28:43,144" views.py User enterered wrong username:shah@gmail.com and password:@@123456
WARNING 225 "2025-05-01 16:06:32,053" views.py User enterered wrong username:shah@gmail.com and password:@@123456
WARNING 225 "2025-05-01 16:06:32,079" views.py User enterered wrong username:shah@gmail.com and password:@@123456
WARNING 225 "2025-05-01 16:07:22,512" views.py User enterered wrong username:shah@gmail.com and password:@@123456
WARNING 225 "2025-05-01 16:07:22,540" views.py User enterered wrong username:shah@gmail.com and password:@@123456
WARNING 225 "2025-05-01 16:46:37,494" views.py User enterered wrong username:shah@gmail.com and password:@@123456
WARNING 225 "2025-05-01 16:46:39,358" views.py User enterered wrong username:shah@gmail.com and password:@@123456
INFO 134 "2025-05-01 16:46:40,709" views.py New account created for user:testusername on 2025-05-01 11:16:40.709059+00:00
WARNING 225 "2025-05-01 16:47:28,820" views.py User enterered wrong username:shah@gmail.com and password:@@123456
WARNING 225 "2025-05-01 16:47:30,011" views.py User enterered wrong username:shah@gmail.com and password:@@123456
INFO 134 "2025-05-01 16:47:33,269" views.py New account created for user:testusername on 2025-05-01 11:17:33.269193+00:00
WARNING 225 "2025-05-01 17:16:28,721" views.py User enterered wrong username:shah@gmail.com and password:@@123456
WARNING 225 "2025-05-01 17:16:29,552" views.py User enterered wrong username:shah@gmail.com and password:@@123456
INFO 134 "2025-05-01 17:16:30,712" views.py New account created for user:testusername on 2025-05-01 11:46:30.712260+00:00
WARNING 225 "2025-05-01 17:23:25,442" views.py User enterered wrong username:shah@gmail.com and password:@@123456
WARNING 225 "2025-05-01 17:23:26,338" views.py User enterered wrong username:shah@gmail.com and password:@@123456
INFO 134 "2025-05-01 17:23:27,720" views.py New account created for user:testusername on 2025-05-01 11:53:27.720763+00:00
WARNING 225 "2025-05-01 17:25:23,802" views.py User enterered wrong username:shah@gmail.com and password:@@123456
WARNING 225 "2025-05-01 17:25:24,793" views.py User enterered wrong username:shah@gmail.com and password:@@123456
INFO 134 "2025-05-01 17:25:26,221" views.py New account created for user:testusername on 2025-05-01 11:55:26.221462+00:00
WARNING 225 "2025-05-01 17:28:19,219" views.py User enterered wrong username:shah@gmail.com and password:@@123456
WARNING 225 "2025-05-01 17:28:19,282" views.py User enterered wrong username:shah@gmail.com and password:@@123456
INFO 134 "2025-05-01 17:28:19,935" views.py New account created for user:testusername on 2025-05-01 11:58:19.935034+00:00
WARNING 225 "2025-05-01 17:30:10,754" views.py User enterered wrong username:shah@gmail.com and password:@@123456
WARNING 225 "2025-05-01 17:30:10,809" views.py User enterered wrong username:shah@gmail.com and password:@@123456
INFO 134 "2025-05-01 17:30:11,920" views.py New account created for user:testusername on 2025-05-01 12:00:11.920826+00:00
WARNING 225 "2025-05-01 18:13:58,783" views.py User enterered wrong username:shah@gmail.com and password:@@123456
WARNING 225 "2025-05-01 18:13:58,842" views.py User enterered wrong username:shah@gmail.com and password:@@123456
INFO 134 "2025-05-01 18:14:00,123" views.py New account created for user:testusername on 2025-05-01 12:44:00.123366+00:00
WARNING 225 "2025-05-01 18:36:40,061" views.py User enterered wrong username:shah@gmail.com and password:@@123456
WARNING 225 "2025-05-01 18:36:40,116" views.py User enterered wrong username:shah@gmail.com and password:@@123456
INFO 134 "2025-05-01 18:36:41,337" views.py New account created for user:testusername on 2025-05-01 13:06:41.337111+00:00
WARNING 225 "2025-05-01 18:54:43,661" views.py User enterered wrong username:shah@gmail.com and password:@@123456
WARNING 225 "2025-05-01 18:54:43,717" views.py User enterered wrong username:shah@gmail.com and password:@@123456
INFO 134 "2025-05-01 18:54:44,982" views.py New account created for user:testusername on 2025-05-01 13:24:44.982169+00:00
WARNING 225 "2025-05-01 19:18:40,907" views.py User enterered wrong username:shah@gmail.com and password:@@123456
WARNING 225 "2025-05-01 19:18:40,962" views.py User enterered wrong username:shah@gmail.com and password:@@123456
INFO 134 "2025-05-01 19:18:42,174" views.py New account created for user:testusername on 2025-05-01 13:48:42.174797+00:00
WARNING 225 "2025-05-01 19:20:58,434" views.py User enterered wrong username:shah@gmail.com and password:@@123456
WARNING 225 "2025-05-01 19:20:58,492" views.py User enterered wrong username:shah@gmail.com and password:@@123456
INFO 134 "2025-05-01 19:20:59,927" views.py New account created for user:testusername on 2025-05-01 13:50:59.927363+00:00
WARNING 225 "2025-05-01 19:22:28,349" views.py User enterered wrong username:shah@gmail.com and password:@@123456
WARNING 225 "2025-05-01 19:22:28,415" views.py User enterered wrong username:shah@gmail.com and password:@@123456
INFO 134 "2025-05-01 19:22:29,962" views.py New account created for user:testusername on 2025-05-01 13:52:29.962222+00:00
WARNING 225 "2025-05-01 19:23:31,301" views.py User enterered wrong username:shah@gmail.com and password:@@123456
WARNING 225 "2025-05-01 19:23:31,353" views.py User enterered wrong username:shah@gmail.com and password:@@123456
INFO 134 "2025-05-01 19:23:32,627" views.py New account created for user:testusername on 2025-05-01 13:53:32.627944+00:00
WARNING 225 "2025-05-01 19:26:38,656" views.py User enterered wrong username:shah@gmail.com and password:@@123456
WARNING 225 "2025-05-01 19:26:38,689" views.py User enterered wrong username:shah@gmail.com and password:@@123456
INFO 134 "2025-05-01 19:26:39,977" views.py New account created for user:testusername on 2025-05-01 13:56:39.977717+00:00
WARNING 225 "2025-05-01 19:30:49,733" views.py User enterered wrong username:shah@gmail.com and password:@@123456
WARNING 225 "2025-05-01 19:30:49,769" views.py User enterered wrong username:shah@gmail.com and password:@@123456
INFO 134 "2025-05-01 19:30:51,134" views.py New account created for user:testusername on 2025-05-01 14:00:51.134320+00:00
WARNING 225 "2025-05-01 19:35:14,098" views.py User enterered wrong username:shah@gmail.com and password:@@123456
WARNING 225 "2025-05-01 19:35:14,130" views.py User enterered wrong username:shah@gmail.com and password:@@123456
INFO 134 "2025-05-01 19:35:15,478" views.py New account created for user:testusername on 2025-05-01 14:05:15.478281+00:00
WARNING 225 "2025-05-01 19:36:28,122" views.py User enterered wrong username:shah@gmail.com and password:@@123456
WARNING 225 "2025-05-01 19:36:28,160" views.py User enterered wrong username:shah@gmail.com and password:@@123456
INFO 134 "2025-05-01 19:36:29,402" views.py New account created for user:testusername on 2025-05-01 14:06:29.402798+00:00
WARNING 225 "2025-05-01 19:37:58,713" views.py User enterered wrong username:shah@gmail.com and password:@@123456
WARNING 225 "2025-05-01 19:37:58,771" views.py User enterered wrong username:shah@gmail.com and password:@@123456
INFO 134 "2025-05-01 19:38:00,091" views.py New account created for user:testusername on 2025-05-01 14:08:00.091041+00:00
WARNING 225 "2025-05-02 10:35:43,739" views.py User enterered wrong username:shah@gmail.com and password:@@123456
WARNING 225 "2025-05-02 10:35:43,787" views.py User enterered wrong username:shah@gmail.com and password:@@123456
INFO 134 "2025-05-02 10:35:45,316" views.py New account created for user:testusername on 2025-05-02 05:05:45.316249+00:00
WARNING 225 "2025-05-02 10:36:24,277" views.py User enterered wrong username:shah@gmail.com and password:@@123456
WARNING 225 "2025-05-02 10:36:24,321" views.py User enterered wrong username:shah@gmail.com and password:@@123456
INFO 134 "2025-05-02 10:36:25,464" views.py New account created for user:testusername on 2025-05-02 05:06:25.464433+00:00
WARNING 225 "2025-05-02 10:36:59,510" views.py User enterered wrong username:shah@gmail.com and password:@@123456
WARNING 225 "2025-05-02 10:36:59,565" views.py User enterered wrong username:shah@gmail.com and password:@@123456
INFO 134 "2025-05-02 10:37:01,275" views.py New account created for user:testusername on 2025-05-02 05:07:01.275850+00:00
WARNING 225 "2025-05-02 11:03:57,033" views.py User enterered wrong username:shah@gmail.com and password:@@123456
WARNING 225 "2025-05-02 11:03:57,094" views.py User enterered wrong username:shah@gmail.com and password:@@123456
INFO 134 "2025-05-02 11:03:58,409" views.py New account created for user:testusername on 2025-05-02 05:33:58.409069+00:00
WARNING 225 "2025-05-02 11:13:42,753" views.py User enterered wrong username:shah@gmail.com and password:@@123456
WARNING 225 "2025-05-02 11:13:42,811" views.py User enterered wrong username:shah@gmail.com and password:@@123456
INFO 134 "2025-05-02 11:13:44,253" views.py New account created for user:testusername on 2025-05-02 05:43:44.253322+00:00
WARNING 225 "2025-05-02 11:15:24,904" views.py User enterered wrong username:shah@gmail.com and password:@@123456
WARNING 225 "2025-05-02 11:15:24,959" views.py User enterered wrong username:shah@gmail.com and password:@@123456
INFO 134 "2025-05-02 11:15:26,424" views.py New account created for user:testusername on 2025-05-02 05:45:26.424143+00:00
WARNING 225 "2025-05-02 11:15:49,453" views.py User enterered wrong username:shah@gmail.com and password:@@123456
WARNING 225 "2025-05-02 11:15:49,514" views.py User enterered wrong username:shah@gmail.com and password:@@123456
INFO 134 "2025-05-02 11:15:50,728" views.py New account created for user:testusername on 2025-05-02 05:45:50.728791+00:00
WARNING 225 "2025-05-02 11:16:31,804" views.py User enterered wrong username:shah@gmail.com and password:@@123456
WARNING 225 "2025-05-02 11:16:31,982" views.py User enterered wrong username:shah@gmail.com and password:@@123456
INFO 134 "2025-05-02 11:16:33,439" views.py New account created for user:testusername on 2025-05-02 05:46:33.439155+00:00
WARNING 225 "2025-05-02 11:19:15,025" views.py User enterered wrong username:shah@gmail.com and password:@@123456
WARNING 225 "2025-05-02 11:19:15,084" views.py User enterered wrong username:shah@gmail.com and password:@@123456
INFO 134 "2025-05-02 11:19:16,652" views.py New account created for user:testusername on 2025-05-02 05:49:16.652245+00:00
WARNING 225 "2025-05-02 11:43:21,463" views.py User enterered wrong username:shah@gmail.com and password:@@123456
WARNING 225 "2025-05-02 11:43:21,525" views.py User enterered wrong username:shah@gmail.com and password:@@123456
INFO 134 "2025-05-02 11:43:22,917" views.py New account created for user:testusername on 2025-05-02 06:13:22.917161+00:00
WARNING 225 "2025-05-02 11:43:57,817" views.py User enterered wrong username:shah@gmail.com and password:@@123456
WARNING 225 "2025-05-02 11:43:57,871" views.py User enterered wrong username:shah@gmail.com and password:@@123456
INFO 134 "2025-05-02 11:43:59,653" views.py New account created for user:testusername on 2025-05-02 06:13:59.653467+00:00
WARNING 225 "2025-05-02 12:00:47,652" views.py User enterered wrong username:shah@gmail.com and password:@@123456
WARNING 225 "2025-05-02 12:00:47,709" views.py User enterered wrong username:shah@gmail.com and password:@@123456
INFO 134 "2025-05-02 12:00:49,051" views.py New account created for user:testusername on 2025-05-02 06:30:49.051103+00:00
WARNING 225 "2025-05-02 12:02:16,274" views.py User enterered wrong username:shah@gmail.com and password:@@123456
WARNING 225 "2025-05-02 12:02:16,315" views.py User enterered wrong username:shah@gmail.com and password:@@123456
INFO 134 "2025-05-02 12:02:17,451" views.py New account created for user:testusername on 2025-05-02 06:32:17.451686+00:00
WARNING 225 "2025-05-02 12:04:08,871" views.py User enterered wrong username:shah@gmail.com and password:@@123456
WARNING 225 "2025-05-02 12:04:08,929" views.py User enterered wrong username:shah@gmail.com and password:@@123456
INFO 134 "2025-05-02 12:04:10,530" views.py New account created for user:testusername on 2025-05-02 06:34:10.530024+00:00
WARNING 225 "2025-05-02 12:05:40,698" views.py User enterered wrong username:shah@gmail.com and password:@@123456
WARNING 225 "2025-05-02 12:05:40,753" views.py User enterered wrong username:shah@gmail.com and password:@@123456
INFO 134 "2025-05-02 12:05:42,207" views.py New account created for user:testusername on 2025-05-02 06:35:42.207140+00:00
WARNING 225 "2025-05-02 12:06:24,849" views.py User enterered wrong username:shah@gmail.com and password:@@123456
WARNING 225 "2025-05-02 12:06:24,908" views.py User enterered wrong username:shah@gmail.com and password:@@123456
INFO 134 "2025-05-02 12:06:26,113" views.py New account created for user:testusername on 2025-05-02 06:36:26.113879+00:00
WARNING 225 "2025-05-02 13:02:36,792" views.py User enterered wrong username:shah@gmail.com and password:@@123456
WARNING 225 "2025-05-02 13:02:36,852" views.py User enterered wrong username:shah@gmail.com and password:@@123456
INFO 134 "2025-05-02 13:02:38,252" views.py New account created for user:testusername on 2025-05-02 07:32:38.252372+00:00
WARNING 225 "2025-05-02 13:03:26,930" views.py User enterered wrong username:shah@gmail.com and password:@@123456
WARNING 225 "2025-05-02 13:03:26,995" views.py User enterered wrong username:shah@gmail.com and password:@@123456
INFO 134 "2025-05-02 13:03:28,605" views.py New account created for user:testusername on 2025-05-02 07:33:28.605349+00:00
WARNING 225 "2025-05-02 13:04:58,731" views.py User enterered wrong username:shah@gmail.com and password:@@123456
WARNING 225 "2025-05-02 13:04:58,795" views.py User enterered wrong username:shah@gmail.com and password:@@123456
INFO 134 "2025-05-02 13:05:00,382" views.py New account created for user:testusername on 2025-05-02 07:35:00.382454+00:00
WARNING 225 "2025-05-02 13:15:39,774" views.py User enterered wrong username:shah@gmail.com and password:@@123456
WARNING 225 "2025-05-02 13:15:39,849" views.py User enterered wrong username:shah@gmail.com and password:@@123456
INFO 134 "2025-05-02 13:15:41,082" views.py New account created for user:testusername on 2025-05-02 07:45:41.082176+00:00
WARNING 225 "2025-05-02 13:19:17,253" views.py User enterered wrong username:shah@gmail.com and password:@@123456
WARNING 225 "2025-05-02 13:19:17,313" views.py User enterered wrong username:shah@gmail.com and password:@@123456
INFO 134 "2025-05-02 13:19:18,656" views.py New account created for user:testusername on 2025-05-02 07:49:18.656583+00:00
WARNING 225 "2025-05-02 13:44:13,622" views.py User enterered wrong username:shah@gmail.com and password:@@123456
WARNING 225 "2025-05-02 13:44:13,684" views.py User enterered wrong username:shah@gmail.com and password:@@123456
INFO 134 "2025-05-02 13:44:15,322" views.py New account created for user:testusername on 2025-05-02 08:14:15.322911+00:00
WARNING 225 "2025-05-02 13:47:29,425" views.py User enterered wrong username:shah@gmail.com and password:@@123456
WARNING 225 "2025-05-02 13:47:29,489" views.py User enterered wrong username:shah@gmail.com and password:@@123456
INFO 134 "2025-05-02 13:47:31,049" views.py New account created for user:testusername on 2025-05-02 08:17:31.049400+00:00
WARNING 225 "2025-05-02 14:43:55,710" views.py User enterered wrong username:shah@gmail.com and password:@@123456
WARNING 225 "2025-05-02 14:43:55,778" views.py User enterered wrong username:shah@gmail.com and password:@@123456
INFO 134 "2025-05-02 14:43:57,001" views.py New account created for user:testusername on 2025-05-02 09:13:57.001043+00:00
WARNING 225 "2025-05-02 14:47:04,997" views.py User enterered wrong username:shah@gmail.com and password:@@123456
WARNING 225 "2025-05-02 14:47:05,056" views.py User enterered wrong username:shah@gmail.com and password:@@123456
INFO 134 "2025-05-02 14:47:06,586" views.py New account created for user:testusername on 2025-05-02 09:17:06.586626+00:00
WARNING 225 "2025-05-02 14:49:06,606" views.py User enterered wrong username:shah@gmail.com and password:@@123456
WARNING 225 "2025-05-02 14:49:06,712" views.py User enterered wrong username:shah@gmail.com and password:@@123456
INFO 134 "2025-05-02 14:49:09,653" views.py New account created for user:testusername on 2025-05-02 09:19:09.653278+00:00
WARNING 225 "2025-05-02 14:49:54,085" views.py User enterered wrong username:shah@gmail.com and password:@@123456
WARNING 225 "2025-05-02 14:49:54,143" views.py User enterered wrong username:shah@gmail.com and password:@@123456
INFO 134 "2025-05-02 14:49:55,520" views.py New account created for user:testusername on 2025-05-02 09:19:55.520378+00:00
WARNING 225 "2025-05-02 14:51:28,561" views.py User enterered wrong username:shah@gmail.com and password:@@123456
WARNING 225 "2025-05-02 14:51:28,620" views.py User enterered wrong username:shah@gmail.com and password:@@123456
INFO 134 "2025-05-02 14:51:30,100" views.py New account created for user:testusername on 2025-05-02 09:21:30.100147+00:00
WARNING 225 "2025-05-02 14:53:17,263" views.py User enterered wrong username:shah@gmail.com and password:@@123456
WARNING 225 "2025-05-02 14:53:17,326" views.py User enterered wrong username:shah@gmail.com and password:@@123456
INFO 134 "2025-05-02 14:53:18,929" views.py New account created for user:testusername on 2025-05-02 09:23:18.929618+00:00
WARNING 225 "2025-05-02 14:54:07,371" views.py User enterered wrong username:shah@gmail.com and password:@@123456
WARNING 225 "2025-05-02 14:54:07,434" views.py User enterered wrong username:shah@gmail.com and password:@@123456
INFO 134 "2025-05-02 14:54:08,709" views.py New account created for user:testusername on 2025-05-02 09:24:08.709600+00:00
WARNING 225 "2025-05-02 14:57:50,907" views.py User enterered wrong username:shah@gmail.com and password:@@123456
WARNING 225 "2025-05-02 14:57:50,968" views.py User enterered wrong username:shah@gmail.com and password:@@123456
INFO 134 "2025-05-02 14:57:52,234" views.py New account created for user:testusername on 2025-05-02 09:27:52.234613+00:00
WARNING 225 "2025-05-02 14:59:59,456" views.py User enterered wrong username:shah@gmail.com and password:@@123456
WARNING 225 "2025-05-02 14:59:59,517" views.py User enterered wrong username:shah@gmail.com and password:@@123456
INFO 134 "2025-05-02 15:00:00,746" views.py New account created for user:testusername on 2025-05-02 09:30:00.746785+00:00
WARNING 225 "2025-05-02 15:04:25,979" views.py User enterered wrong username:shah@gmail.com and password:@@123456
WARNING 225 "2025-05-02 15:04:26,037" views.py User enterered wrong username:shah@gmail.com and password:@@123456
INFO 134 "2025-05-02 15:04:27,232" views.py New account created for user:testusername on 2025-05-02 09:34:27.232031+00:00
WARNING 225 "2025-05-02 15:07:34,630" views.py User enterered wrong username:shah@gmail.com and password:@@123456
WARNING 225 "2025-05-02 15:07:34,688" views.py User enterered wrong username:shah@gmail.com and password:@@123456
INFO 134 "2025-05-02 15:07:36,191" views.py New account created for user:testusername on 2025-05-02 09:37:36.191259+00:00
WARNING 225 "2025-05-02 15:24:27,645" views.py User enterered wrong username:shah@gmail.com and password:@@123456
WARNING 225 "2025-05-02 15:24:27,703" views.py User enterered wrong username:shah@gmail.com and password:@@123456
INFO 134 "2025-05-02 15:24:28,939" views.py New account created for user:testusername on 2025-05-02 09:54:28.939133+00:00
INFO 134 "2025-05-02 15:42:06,922" views.py New account created for user:testusername on 2025-05-02 10:12:06.922583+00:00
WARNING 225 "2025-05-02 15:42:07,268" views.py User enterered wrong username:shah@gmail.com and password:@@123456
WARNING 225 "2025-05-02 15:42:07,300" views.py User enterered wrong username:shah@gmail.com and password:@@123456
INFO 134 "2025-05-02 15:46:33,749" views.py New account created for user:testusername on 2025-05-02 10:16:33.749530+00:00
WARNING 225 "2025-05-02 15:46:34,080" views.py User enterered wrong username:shah@gmail.com and password:@@123456
WARNING 225 "2025-05-02 15:46:34,110" views.py User enterered wrong username:shah@gmail.com and password:@@123456
INFO 134 "2025-05-02 15:54:56,618" views.py New account created for user:testusername on 2025-05-02 10:24:56.618078+00:00
WARNING 225 "2025-05-02 15:54:56,997" views.py User enterered wrong username:shah@gmail.com and password:@@123456
WARNING 225 "2025-05-02 15:54:57,037" views.py User enterered wrong username:shah@gmail.com and password:@@123456
INFO 134 "2025-05-02 18:09:54,400" views.py New account created for user:testusername on 2025-05-02 12:39:54.400219+00:00
WARNING 225 "2025-05-02 18:09:54,767" views.py User enterered wrong username:shah@gmail.com and password:@@123456
WARNING 225 "2025-05-02 18:09:54,796" views.py User enterered wrong username:shah@gmail.com and password:@@123456
INFO 134 "2025-05-02 18:12:52,049" views.py New account created for user:testusername on 2025-05-02 12:42:52.049076+00:00
WARNING 225 "2025-05-02 18:12:52,402" views.py User enterered wrong username:shah@gmail.com and password:@@123456
WARNING 225 "2025-05-02 18:12:52,431" views.py User enterered wrong username:shah@gmail.com and password:@@123456
INFO 134 "2025-05-02 18:13:32,631" views.py New account created for user:testusername on 2025-05-02 12:43:32.631395+00:00
WARNING 225 "2025-05-02 18:13:32,978" views.py User enterered wrong username:shah@gmail.com and password:@@123456
WARNING 225 "2025-05-02 18:13:33,014" views.py User enterered wrong username:shah@gmail.com and password:@@123456
INFO 134 "2025-05-02 18:14:13,931" views.py New account created for user:testusername on 2025-05-02 12:44:13.931596+00:00
WARNING 225 "2025-05-02 18:14:14,385" views.py User enterered wrong username:shah@gmail.com and password:@@123456
WARNING 225 "2025-05-02 18:14:14,427" views.py User enterered wrong username:shah@gmail.com and password:@@123456
INFO 134 "2025-05-02 18:16:11,024" views.py New account created for user:testusername on 2025-05-02 12:46:11.024551+00:00
WARNING 225 "2025-05-02 18:16:11,388" views.py User enterered wrong username:shah@gmail.com and password:@@123456
WARNING 225 "2025-05-02 18:16:11,426" views.py User enterered wrong username:shah@gmail.com and password:@@123456
INFO 134 "2025-05-02 18:16:22,249" views.py New account created for user:testusername on 2025-05-02 12:46:22.249171+00:00
WARNING 225 "2025-05-02 18:16:22,596" views.py User enterered wrong username:shah@gmail.com and password:@@123456
WARNING 225 "2025-05-02 18:16:22,627" views.py User enterered wrong username:shah@gmail.com and password:@@123456
INFO 134 "2025-05-02 18:17:02,191" views.py New account created for user:testusername on 2025-05-02 12:47:02.191293+00:00
WARNING 225 "2025-05-02 18:17:02,943" views.py User enterered wrong username:shah@gmail.com and password:@@123456
WARNING 225 "2025-05-02 18:17:02,973" views.py User enterered wrong username:shah@gmail.com and password:@@123456
INFO 134 "2025-05-05 11:23:56,197" views.py New account created for user:testusername on 2025-05-05 05:53:56.197848+00:00
WARNING 225 "2025-05-05 11:23:56,638" views.py User enterered wrong username:shah@gmail.com and password:@@123456
WARNING 225 "2025-05-05 11:23:56,676" views.py User enterered wrong username:shah@gmail.com and password:@@123456
WARNING 225 "2025-05-05 17:12:20,130" views.py User enterered wrong username:shah@gmail.com and password:@@123456
WARNING 225 "2025-05-05 17:12:20,236" views.py User enterered wrong username:shah@gmail.com and password:@@123456
INFO 134 "2025-05-05 17:12:21,514" views.py New account created for user:testusername on 2025-05-05 11:42:21.514253+00:00
WARNING 225 "2025-05-06 11:29:45,847" views.py User enterered wrong username:shah@gmail.com and password:@@123456
WARNING 225 "2025-05-06 11:29:45,933" views.py User enterered wrong username:shah@gmail.com and password:@@123456
INFO 134 "2025-05-06 11:29:47,168" views.py New account created for user:testusername on 2025-05-06 05:59:47.168095+00:00
WARNING 225 "2025-05-06 11:30:45,368" views.py User enterered wrong username:shah@gmail.com and password:@@123456
WARNING 225 "2025-05-06 11:30:45,457" views.py User enterered wrong username:shah@gmail.com and password:@@123456
INFO 134 "2025-05-06 11:30:46,663" views.py New account created for user:testusername on 2025-05-06 06:00:46.663832+00:00
WARNING 225 "2025-05-06 11:44:22,678" views.py User enterered wrong username:shah@gmail.com and password:@@123456
WARNING 225 "2025-05-06 11:44:22,756" views.py User enterered wrong username:shah@gmail.com and password:@@123456
INFO 134 "2025-05-06 11:44:23,888" views.py New account created for user:testusername on 2025-05-06 06:14:23.888796+00:00
WARNING 225 "2025-05-06 13:41:06,295" views.py User enterered wrong username:shah@gmail.com and password:@@123456
WARNING 225 "2025-05-06 13:41:06,345" views.py User enterered wrong username:shah@gmail.com and password:@@123456
INFO 134 "2025-05-06 13:41:07,489" views.py New account created for user:testusername on 2025-05-06 08:11:07.489615+00:00
WARNING 225 "2025-05-06 13:41:52,385" views.py User enterered wrong username:shah@gmail.com and password:@@123456
WARNING 225 "2025-05-06 13:41:52,510" views.py User enterered wrong username:shah@gmail.com and password:@@123456
INFO 134 "2025-05-06 13:41:53,837" views.py New account created for user:testusername on 2025-05-06 08:11:53.837717+00:00
WARNING 225 "2025-05-06 14:56:41,566" views.py User enterered wrong username:shah@gmail.com and password:@@123456
WARNING 225 "2025-05-06 14:56:41,646" views.py User enterered wrong username:shah@gmail.com and password:@@123456
INFO 134 "2025-05-06 14:56:42,942" views.py New account created for user:testusername on 2025-05-06 09:26:42.942846+00:00
WARNING 225 "2025-05-06 15:32:24,822" views.py User enterered wrong username:shah@gmail.com and password:@@123456
WARNING 225 "2025-05-06 15:32:24,992" views.py User enterered wrong username:shah@gmail.com and password:@@123456
INFO 134 "2025-05-06 15:32:26,215" views.py New account created for user:testusername on 2025-05-06 10:02:26.215296+00:00
WARNING 225 "2025-05-06 15:46:42,297" views.py User enterered wrong username:shah@gmail.com and password:@@123456
WARNING 225 "2025-05-06 15:46:42,363" views.py User enterered wrong username:shah@gmail.com and password:@@123456
INFO 134 "2025-05-06 15:46:43,683" views.py New account created for user:testusername on 2025-05-06 10:16:43.682801+00:00
WARNING 225 "2025-05-06 16:11:05,226" views.py User enterered wrong username:shah@gmail.com and password:@@123456
WARNING 225 "2025-05-06 16:11:05,301" views.py User enterered wrong username:shah@gmail.com and password:@@123456
INFO 134 "2025-05-06 16:11:06,491" views.py New account created for user:testusername on 2025-05-06 10:41:06.491942+00:00
WARNING 225 "2025-05-06 16:18:14,160" views.py User enterered wrong username:shah@gmail.com and password:@@123456
WARNING 225 "2025-05-06 16:18:14,220" views.py User enterered wrong username:shah@gmail.com and password:@@123456
INFO 134 "2025-05-06 16:18:15,362" views.py New account created for user:testusername on 2025-05-06 10:48:15.362210+00:00
WARNING 225 "2025-05-06 16:35:58,371" views.py User enterered wrong username:shah@gmail.com and password:@@123456
WARNING 225 "2025-05-06 16:35:58,449" views.py User enterered wrong username:shah@gmail.com and password:@@123456
INFO 134 "2025-05-06 16:35:59,682" views.py New account created for user:testusername on 2025-05-06 11:05:59.682331+00:00
WARNING 225 "2025-05-06 17:39:33,821" views.py User enterered wrong username:shah@gmail.com and password:@@123456
WARNING 225 "2025-05-06 17:39:33,886" views.py User enterered wrong username:shah@gmail.com and password:@@123456
INFO 134 "2025-05-06 17:39:35,071" views.py New account created for user:testusername on 2025-05-06 12:09:35.071364+00:00
WARNING 225 "2025-05-06 17:53:15,949" views.py User enterered wrong username:shah@gmail.com and password:@@123456
WARNING 225 "2025-05-06 17:53:16,012" views.py User enterered wrong username:shah@gmail.com and password:@@123456
INFO 134 "2025-05-06 17:53:17,184" views.py New account created for user:testusername on 2025-05-06 12:23:17.184419+00:00
WARNING 225 "2025-05-06 18:49:27,365" views.py User enterered wrong username:shah@gmail.com and password:@@123456
WARNING 225 "2025-05-06 18:49:27,419" views.py User enterered wrong username:shah@gmail.com and password:@@123456
INFO 134 "2025-05-06 18:49:28,711" views.py New account created for user:testusername on 2025-05-06 13:19:28.711172+00:00
WARNING 225 "2025-05-06 18:52:15,434" views.py User enterered wrong username:shah@gmail.com and password:@@123456
WARNING 225 "2025-05-06 18:52:15,491" views.py User enterered wrong username:shah@gmail.com and password:@@123456
INFO 134 "2025-05-06 18:52:16,623" views.py New account created for user:testusername on 2025-05-06 13:22:16.623774+00:00
WARNING 225 "2025-05-06 18:54:07,265" views.py User enterered wrong username:shah@gmail.com and password:@@123456
WARNING 225 "2025-05-06 18:54:07,336" views.py User enterered wrong username:shah@gmail.com and password:@@123456
INFO 134 "2025-05-06 18:54:08,563" views.py New account created for user:testusername on 2025-05-06 13:24:08.562965+00:00
WARNING 225 "2025-05-06 19:18:48,464" views.py User enterered wrong username:shah@gmail.com and password:@@123456
WARNING 225 "2025-05-06 19:18:48,525" views.py User enterered wrong username:shah@gmail.com and password:@@123456
INFO 134 "2025-05-06 19:18:49,810" views.py New account created for user:testusername on 2025-05-06 13:48:49.810136+00:00
WARNING 225 "2025-05-07 11:01:43,045" views.py User enterered wrong username:shah@gmail.com and password:@@123456
WARNING 225 "2025-05-07 11:01:43,128" views.py User enterered wrong username:shah@gmail.com and password:@@123456
INFO 134 "2025-05-07 11:01:45,047" views.py New account created for user:testusername on 2025-05-07 05:31:45.047240+00:00
INFO 134 "2025-05-07 11:11:48,835" views.py New account created for user:amit on 2025-05-07 05:41:48.835354+00:00
WARNING 225 "2025-05-07 11:24:09,155" views.py User enterered wrong username:shah@gmail.com and password:@@123456
WARNING 225 "2025-05-07 11:24:09,214" views.py User enterered wrong username:shah@gmail.com and password:@@123456
INFO 134 "2025-05-07 11:24:10,461" views.py New account created for user:testusername on 2025-05-07 05:54:10.461485+00:00
WARNING 225 "2025-05-07 11:43:19,947" views.py User enterered wrong username:shah@gmail.com and password:@@123456
WARNING 225 "2025-05-07 11:43:20,030" views.py User enterered wrong username:shah@gmail.com and password:@@123456
INFO 134 "2025-05-07 11:43:21,597" views.py New account created for user:testusername on 2025-05-07 06:13:21.597693+00:00
WARNING 225 "2025-05-07 11:56:54,191" views.py User enterered wrong username:shah@gmail.com and password:@@123456
WARNING 225 "2025-05-07 11:56:54,299" views.py User enterered wrong username:shah@gmail.com and password:@@123456
INFO 134 "2025-05-07 11:56:55,628" views.py New account created for user:testusername on 2025-05-07 06:26:55.628604+00:00
WARNING 225 "2025-05-07 12:03:35,441" views.py User enterered wrong username:shah@gmail.com and password:@@123456
WARNING 225 "2025-05-07 12:03:35,549" views.py User enterered wrong username:shah@gmail.com and password:@@123456
INFO 134 "2025-05-07 12:03:36,925" views.py New account created for user:testusername on 2025-05-07 06:33:36.924954+00:00
WARNING 225 "2025-05-07 12:05:08,373" views.py User enterered wrong username:shah@gmail.com and password:@@123456
WARNING 225 "2025-05-07 12:05:08,481" views.py User enterered wrong username:shah@gmail.com and password:@@123456
INFO 134 "2025-05-07 12:05:09,840" views.py New account created for user:testusername on 2025-05-07 06:35:09.840818+00:00
WARNING 225 "2025-05-07 12:22:47,574" views.py User enterered wrong username:shah@gmail.com and password:@@123456
WARNING 225 "2025-05-07 12:22:47,638" views.py User enterered wrong username:shah@gmail.com and password:@@123456
INFO 134 "2025-05-07 12:22:48,799" views.py New account created for user:testusername on 2025-05-07 06:52:48.799860+00:00
WARNING 225 "2025-05-07 12:29:07,471" views.py User enterered wrong username:shah@gmail.com and password:@@123456
WARNING 225 "2025-05-07 12:29:07,558" views.py User enterered wrong username:shah@gmail.com and password:@@123456
INFO 134 "2025-05-07 12:29:08,740" views.py New account created for user:testusername on 2025-05-07 06:59:08.740108+00:00
WARNING 225 "2025-05-07 12:32:22,627" views.py User enterered wrong username:shah@gmail.com and password:@@123456
WARNING 225 "2025-05-07 12:32:22,702" views.py User enterered wrong username:shah@gmail.com and password:@@123456
INFO 134 "2025-05-07 12:32:23,918" views.py New account created for user:testusername on 2025-05-07 07:02:23.918588+00:00
WARNING 225 "2025-05-07 13:09:08,251" views.py User enterered wrong username:shah@gmail.com and password:@@123456
WARNING 225 "2025-05-07 13:09:08,329" views.py User enterered wrong username:shah@gmail.com and password:@@123456
INFO 134 "2025-05-07 13:09:09,498" views.py New account created for user:testusername on 2025-05-07 07:39:09.498350+00:00
WARNING 225 "2025-05-07 13:15:09,698" views.py User enterered wrong username:shah@gmail.com and password:@@123456
WARNING 225 "2025-05-07 13:15:09,755" views.py User enterered wrong username:shah@gmail.com and password:@@123456
INFO 134 "2025-05-07 13:15:10,922" views.py New account created for user:testusername on 2025-05-07 07:45:10.922797+00:00
WARNING 225 "2025-05-07 13:19:41,211" views.py User enterered wrong username:shah@gmail.com and password:@@123456
WARNING 225 "2025-05-07 13:19:41,282" views.py User enterered wrong username:shah@gmail.com and password:@@123456
INFO 134 "2025-05-07 13:19:42,470" views.py New account created for user:testusername on 2025-05-07 07:49:42.470731+00:00
WARNING 225 "2025-05-07 13:22:48,053" views.py User enterered wrong username:shah@gmail.com and password:@@123456
WARNING 225 "2025-05-07 13:22:48,131" views.py User enterered wrong username:shah@gmail.com and password:@@123456
INFO 134 "2025-05-07 13:22:49,267" views.py New account created for user:testusername on 2025-05-07 07:52:49.267075+00:00
WARNING 225 "2025-05-07 13:38:04,257" views.py User enterered wrong username:shah@gmail.com and password:@@123456
WARNING 225 "2025-05-07 13:38:04,345" views.py User enterered wrong username:shah@gmail.com and password:@@123456
INFO 134 "2025-05-07 13:38:05,549" views.py New account created for user:testusername on 2025-05-07 08:08:05.549241+00:00
WARNING 225 "2025-05-07 13:44:07,866" views.py User enterered wrong username:shah@gmail.com and password:@@123456
WARNING 225 "2025-05-07 13:44:07,929" views.py User enterered wrong username:shah@gmail.com and password:@@123456
INFO 134 "2025-05-07 13:44:09,097" views.py New account created for user:testusername on 2025-05-07 08:14:09.097910+00:00
WARNING 225 "2025-05-07 13:47:20,506" views.py User enterered wrong username:shah@gmail.com and password:@@123456
WARNING 225 "2025-05-07 13:47:20,574" views.py User enterered wrong username:shah@gmail.com and password:@@123456
INFO 134 "2025-05-07 13:47:21,721" views.py New account created for user:testusername on 2025-05-07 08:17:21.721796+00:00
WARNING 225 "2025-05-07 13:52:51,658" views.py User enterered wrong username:shah@gmail.com and password:@@123456
WARNING 225 "2025-05-07 13:52:51,726" views.py User enterered wrong username:shah@gmail.com and password:@@123456
INFO 134 "2025-05-07 13:52:52,957" views.py New account created for user:testusername on 2025-05-07 08:22:52.957914+00:00
WARNING 225 "2025-05-07 14:22:56,825" views.py User enterered wrong username:shah@gmail.com and password:@@123456
WARNING 225 "2025-05-07 14:22:56,891" views.py User enterered wrong username:shah@gmail.com and password:@@123456
INFO 134 "2025-05-07 14:22:58,089" views.py New account created for user:testusername on 2025-05-07 08:52:58.089009+00:00
WARNING 225 "2025-05-07 14:26:14,933" views.py User enterered wrong username:shah@gmail.com and password:@@123456
WARNING 225 "2025-05-07 14:26:15,005" views.py User enterered wrong username:shah@gmail.com and password:@@123456
INFO 134 "2025-05-07 14:26:16,162" views.py New account created for user:testusername on 2025-05-07 08:56:16.162528+00:00
WARNING 225 "2025-05-07 15:46:52,129" views.py User enterered wrong username:shah@gmail.com and password:@@123456
WARNING 225 "2025-05-07 15:46:52,196" views.py User enterered wrong username:shah@gmail.com and password:@@123456
INFO 134 "2025-05-07 15:46:53,350" views.py New account created for user:testusername on 2025-05-07 10:16:53.350860+00:00
WARNING 225 "2025-05-07 15:48:04,515" views.py User enterered wrong username:shah@gmail.com and password:@@123456
WARNING 225 "2025-05-07 15:48:04,622" views.py User enterered wrong username:shah@gmail.com and password:@@123456
INFO 134 "2025-05-07 15:48:06,206" views.py New account created for user:testusername on 2025-05-07 10:18:06.206418+00:00
WARNING 225 "2025-05-07 18:29:58,731" views.py User enterered wrong username:shah@gmail.com and password:@@123456
WARNING 225 "2025-05-07 18:29:58,802" views.py User enterered wrong username:shah@gmail.com and password:@@123456
INFO 134 "2025-05-07 18:29:59,946" views.py New account created for user:testusername on 2025-05-07 12:59:59.946754+00:00
WARNING 225 "2025-05-07 18:32:00,040" views.py User enterered wrong username:shah@gmail.com and password:@@123456
WARNING 225 "2025-05-07 18:32:00,102" views.py User enterered wrong username:shah@gmail.com and password:@@123456
INFO 134 "2025-05-07 18:32:01,239" views.py New account created for user:testusername on 2025-05-07 13:02:01.239163+00:00
WARNING 225 "2025-05-07 18:33:40,662" views.py User enterered wrong username:shah@gmail.com and password:@@123456
WARNING 225 "2025-05-07 18:33:40,724" views.py User enterered wrong username:shah@gmail.com and password:@@123456
INFO 134 "2025-05-07 18:33:41,885" views.py New account created for user:testusername on 2025-05-07 13:03:41.885117+00:00
WARNING 225 "2025-05-07 18:37:25,294" views.py User enterered wrong username:shah@gmail.com and password:@@123456
WARNING 225 "2025-05-07 18:37:25,357" views.py User enterered wrong username:shah@gmail.com and password:@@123456
INFO 134 "2025-05-07 18:37:26,753" views.py New account created for user:testusername on 2025-05-07 13:07:26.753296+00:00
WARNING 225 "2025-05-07 19:21:21,340" views.py User enterered wrong username:shah@gmail.com and password:@@123456
WARNING 225 "2025-05-07 19:21:21,403" views.py User enterered wrong username:shah@gmail.com and password:@@123456
INFO 134 "2025-05-07 19:21:22,546" views.py New account created for user:testusername on 2025-05-07 13:51:22.546240+00:00
WARNING 225 "2025-05-07 19:27:14,066" views.py User enterered wrong username:shah@gmail.com and password:@@123456
WARNING 225 "2025-05-07 19:27:14,130" views.py User enterered wrong username:shah@gmail.com and password:@@123456
INFO 134 "2025-05-07 19:27:15,351" views.py New account created for user:testusername on 2025-05-07 13:57:15.351761+00:00
WARNING 225 "2025-05-07 19:30:55,521" views.py User enterered wrong username:shah@gmail.com and password:@@123456
WARNING 225 "2025-05-07 19:30:55,588" views.py User enterered wrong username:shah@gmail.com and password:@@123456
INFO 134 "2025-05-07 19:30:56,731" views.py New account created for user:testusername on 2025-05-07 14:00:56.731036+00:00
WARNING 225 "2025-05-07 19:37:13,772" views.py User enterered wrong username:shah@gmail.com and password:@@123456
WARNING 225 "2025-05-07 19:37:13,877" views.py User enterered wrong username:shah@gmail.com and password:@@123456
INFO 134 "2025-05-07 19:37:15,152" views.py New account created for user:testusername on 2025-05-07 14:07:15.152120+00:00
WARNING 225 "2025-05-07 19:38:51,083" views.py User enterered wrong username:shah@gmail.com and password:@@123456
WARNING 225 "2025-05-07 19:38:51,159" views.py User enterered wrong username:shah@gmail.com and password:@@123456
INFO 134 "2025-05-07 19:38:52,536" views.py New account created for user:testusername on 2025-05-07 14:08:52.536826+00:00
WARNING 225 "2025-05-07 19:41:28,680" views.py User enterered wrong username:shah@gmail.com and password:@@123456
WARNING 225 "2025-05-07 19:41:28,768" views.py User enterered wrong username:shah@gmail.com and password:@@123456
INFO 134 "2025-05-07 19:41:30,050" views.py New account created for user:testusername on 2025-05-07 14:11:30.050185+00:00
WARNING 225 "2025-05-08 10:37:46,088" views.py User enterered wrong username:shah@gmail.com and password:@@123456
WARNING 225 "2025-05-08 10:37:46,163" views.py User enterered wrong username:shah@gmail.com and password:@@123456
INFO 134 "2025-05-08 10:37:47,273" views.py New account created for user:testusername on 2025-05-08 05:07:47.273800+00:00
WARNING 225 "2025-05-08 10:50:23,634" views.py User enterered wrong username:shah@gmail.com and password:@@123456
WARNING 225 "2025-05-08 10:50:23,694" views.py User enterered wrong username:shah@gmail.com and password:@@123456
INFO 134 "2025-05-08 10:50:24,830" views.py New account created for user:testusername on 2025-05-08 05:20:24.830470+00:00
WARNING 225 "2025-05-08 10:51:53,241" views.py User enterered wrong username:shah@gmail.com and password:@@123456
WARNING 225 "2025-05-08 10:51:53,308" views.py User enterered wrong username:shah@gmail.com and password:@@123456
INFO 134 "2025-05-08 10:51:54,464" views.py New account created for user:testusername on 2025-05-08 05:21:54.464400+00:00
WARNING 225 "2025-05-08 11:29:28,817" views.py User enterered wrong username:shah@gmail.com and password:@@123456
WARNING 225 "2025-05-08 11:29:28,897" views.py User enterered wrong username:shah@gmail.com and password:@@123456
INFO 134 "2025-05-08 11:29:30,099" views.py New account created for user:testusername on 2025-05-08 05:59:30.099432+00:00
WARNING 225 "2025-05-08 11:37:06,775" views.py User enterered wrong username:shah@gmail.com and password:@@123456
WARNING 225 "2025-05-08 11:37:06,839" views.py User enterered wrong username:shah@gmail.com and password:@@123456
INFO 134 "2025-05-08 11:37:07,993" views.py New account created for user:testusername on 2025-05-08 06:07:07.993467+00:00
WARNING 225 "2025-05-08 11:39:13,383" views.py User enterered wrong username:shah@gmail.com and password:@@123456
WARNING 225 "2025-05-08 11:39:13,456" views.py User enterered wrong username:shah@gmail.com and password:@@123456
INFO 134 "2025-05-08 11:39:14,617" views.py New account created for user:testusername on 2025-05-08 06:09:14.617235+00:00
WARNING 225 "2025-05-08 11:47:57,844" views.py User enterered wrong username:shah@gmail.com and password:@@123456
WARNING 225 "2025-05-08 11:47:57,925" views.py User enterered wrong username:shah@gmail.com and password:@@123456
INFO 134 "2025-05-08 11:47:59,144" views.py New account created for user:testusername on 2025-05-08 06:17:59.144247+00:00
WARNING 225 "2025-05-08 12:13:39,385" views.py User enterered wrong username:jay and password:123
WARNING 225 "2025-05-08 12:23:21,968" views.py User enterered wrong username:shah@gmail.com and password:@@123456
WARNING 225 "2025-05-08 12:23:22,030" views.py User enterered wrong username:shah@gmail.com and password:@@123456
INFO 134 "2025-05-08 12:23:23,173" views.py New account created for user:testusername on 2025-05-08 06:53:23.173337+00:00
WARNING 225 "2025-05-08 12:25:21,501" views.py User enterered wrong username:shah@gmail.com and password:@@123456
WARNING 225 "2025-05-08 12:25:21,565" views.py User enterered wrong username:shah@gmail.com and password:@@123456
INFO 134 "2025-05-08 12:25:22,725" views.py New account created for user:testusername on 2025-05-08 06:55:22.725204+00:00
WARNING 225 "2025-05-08 12:26:55,226" views.py User enterered wrong username:shah@gmail.com and password:@@123456
WARNING 225 "2025-05-08 12:26:55,313" views.py User enterered wrong username:shah@gmail.com and password:@@123456
INFO 134 "2025-05-08 12:26:57,048" views.py New account created for user:testusername on 2025-05-08 06:56:57.048584+00:00
WARNING 225 "2025-05-08 12:52:13,888" views.py User enterered wrong username:shah@gmail.com and password:@@123456
WARNING 225 "2025-05-08 12:52:13,985" views.py User enterered wrong username:shah@gmail.com and password:@@123456
INFO 134 "2025-05-08 12:52:15,195" views.py New account created for user:testusername on 2025-05-08 07:22:15.194961+00:00
WARNING 225 "2025-05-08 13:23:59,110" views.py User enterered wrong username:shah@gmail.com and password:@@123456
WARNING 225 "2025-05-08 13:23:59,178" views.py User enterered wrong username:shah@gmail.com and password:@@123456
INFO 134 "2025-05-08 13:24:00,317" views.py New account created for user:testusername on 2025-05-08 07:54:00.317889+00:00
WARNING 225 "2025-05-08 13:46:03,978" views.py User enterered wrong username:shah@gmail.com and password:@@123456
WARNING 225 "2025-05-08 13:46:04,050" views.py User enterered wrong username:shah@gmail.com and password:@@123456
INFO 134 "2025-05-08 13:46:05,164" views.py New account created for user:testusername on 2025-05-08 08:16:05.164531+00:00
WARNING 225 "2025-05-08 13:57:58,961" views.py User enterered wrong username:shah@gmail.com and password:@@123456
WARNING 225 "2025-05-08 13:57:59,014" views.py User enterered wrong username:shah@gmail.com and password:@@123456
INFO 134 "2025-05-08 13:58:00,189" views.py New account created for user:testusername on 2025-05-08 08:28:00.189635+00:00
WARNING 225 "2025-05-08 14:02:25,030" views.py User enterered wrong username:shah@gmail.com and password:@@123456
WARNING 225 "2025-05-08 14:02:25,093" views.py User enterered wrong username:shah@gmail.com and password:@@123456
INFO 134 "2025-05-08 14:02:26,198" views.py New account created for user:testusername on 2025-05-08 08:32:26.198895+00:00
WARNING 225 "2025-05-08 17:17:22,633" views.py User enterered wrong username:shah@gmail.com and password:@@123456
WARNING 225 "2025-05-08 17:17:22,697" views.py User enterered wrong username:shah@gmail.com and password:@@123456
INFO 134 "2025-05-08 17:17:23,921" views.py New account created for user:testusername on 2025-05-08 11:47:23.921533+00:00
WARNING 225 "2025-05-08 17:21:50,406" views.py User enterered wrong username:shah@gmail.com and password:@@123456
WARNING 225 "2025-05-08 17:21:50,466" views.py User enterered wrong username:shah@gmail.com and password:@@123456
INFO 134 "2025-05-08 17:21:51,569" views.py New account created for user:testusername on 2025-05-08 11:51:51.569325+00:00
WARNING 225 "2025-05-08 17:24:00,679" views.py User enterered wrong username:shah@gmail.com and password:@@123456
WARNING 225 "2025-05-08 17:24:00,739" views.py User enterered wrong username:shah@gmail.com and password:@@123456
INFO 134 "2025-05-08 17:24:02,557" views.py New account created for user:testusername on 2025-05-08 11:54:02.557394+00:00
WARNING 225 "2025-05-08 17:26:25,776" views.py User enterered wrong username:shah@gmail.com and password:@@123456
WARNING 225 "2025-05-08 17:26:25,866" views.py User enterered wrong username:shah@gmail.com and password:@@123456
INFO 134 "2025-05-08 17:26:27,075" views.py New account created for user:testusername on 2025-05-08 11:56:27.075706+00:00
WARNING 225 "2025-05-08 17:28:41,779" views.py User enterered wrong username:shah@gmail.com and password:@@123456
WARNING 225 "2025-05-08 17:28:41,848" views.py User enterered wrong username:shah@gmail.com and password:@@123456
INFO 134 "2025-05-08 17:28:43,054" views.py New account created for user:testusername on 2025-05-08 11:58:43.054689+00:00
WARNING 225 "2025-05-08 17:31:32,446" views.py User enterered wrong username:shah@gmail.com and password:@@123456
WARNING 225 "2025-05-08 17:31:32,561" views.py User enterered wrong username:shah@gmail.com and password:@@123456
INFO 134 "2025-05-08 17:31:34,050" views.py New account created for user:testusername on 2025-05-08 12:01:34.050059+00:00
WARNING 225 "2025-05-08 17:42:16,956" views.py User enterered wrong username:shah@gmail.com and password:@@123456
WARNING 225 "2025-05-08 17:42:17,033" views.py User enterered wrong username:shah@gmail.com and password:@@123456
INFO 134 "2025-05-08 17:42:18,477" views.py New account created for user:testusername on 2025-05-08 12:12:18.477478+00:00
WARNING 225 "2025-05-08 17:48:06,171" views.py User enterered wrong username:shah@gmail.com and password:@@123456
WARNING 225 "2025-05-08 17:48:06,236" views.py User enterered wrong username:shah@gmail.com and password:@@123456
INFO 134 "2025-05-08 17:48:07,426" views.py New account created for user:testusername on 2025-05-08 12:18:07.426614+00:00
WARNING 225 "2025-05-08 18:21:34,125" views.py User enterered wrong username:shah@gmail.com and password:@@123456
WARNING 225 "2025-05-08 18:21:34,204" views.py User enterered wrong username:shah@gmail.com and password:@@123456
INFO 134 "2025-05-08 18:21:35,688" views.py New account created for user:testusername on 2025-05-08 12:51:35.688259+00:00
WARNING 225 "2025-05-08 18:35:41,604" views.py User enterered wrong username:shah@gmail.com and password:@@123456
WARNING 225 "2025-05-08 18:35:41,683" views.py User enterered wrong username:shah@gmail.com and password:@@123456
INFO 134 "2025-05-08 18:35:42,808" views.py New account created for user:testusername on 2025-05-08 13:05:42.808649+00:00
WARNING 226 "2025-05-12 13:20:49,547" views.py User enterered wrong username:jay@gmail.com and password:@@1234556
